[debug] [2024-09-26T16:32:07.979Z] ----------------------------------------------------------------------
[debug] [2024-09-26T16:32:07.983Z] Command:       C:\Users\tananthakumar\thanusha_a\nodejs\node-v20.11.1-win-x64\node.exe C:\Users\tananthakumar\thanusha_a\nodejs\node-v20.11.1-win-x64\node_modules\firebase-tools\lib\bin\firebase.js init
[debug] [2024-09-26T16:32:07.983Z] CLI Version:   13.19.0
[debug] [2024-09-26T16:32:07.983Z] Platform:      win32
[debug] [2024-09-26T16:32:07.983Z] Node Version:  v20.11.1
[debug] [2024-09-26T16:32:07.983Z] Time:          Thu Sep 26 2024 17:32:07 GMT+0100 (British Summer Time)
[debug] [2024-09-26T16:32:07.984Z] ----------------------------------------------------------------------
[debug] 
[debug] [2024-09-26T16:32:07.997Z] > command requires scopes: ["email","openid","https://www.googleapis.com/auth/cloudplatformprojects.readonly","https://www.googleapis.com/auth/firebase","https://www.googleapis.com/auth/cloud-platform"]
[debug] [2024-09-26T16:32:07.997Z] > authorizing via signed-in user (tkumar.02.1985@gmail.com)
[info] 
     ######## #### ########  ######## ########     ###     ######  ########
     ##        ##  ##     ## ##       ##     ##  ##   ##  ##       ##
     ######    ##  ########  ######   ########  #########  ######  ######
     ##        ##  ##    ##  ##       ##     ## ##     ##       ## ##
     ##       #### ##     ## ######## ########  ##     ##  ######  ########

You're about to initialize a Firebase project in this directory:

  C:\Users\tananthakumar\thanusha_a\projects\ProjSept\aurinote

[info] 
=== Project Setup
[info] 
[info] First, let's associate this project directory with a Firebase project.
[info] You can create multiple project aliases by running firebase use --add, 
[info] but for now we'll just set up a default project.
[info] 
[debug] [2024-09-26T16:37:12.684Z] >>> [apiv2][query] GET https://firebase.googleapis.com/v1beta1/projects pageSize=100
[debug] [2024-09-26T16:37:13.291Z] <<< [apiv2][status] GET https://firebase.googleapis.com/v1beta1/projects 200
[debug] [2024-09-26T16:37:13.291Z] <<< [apiv2][body] GET https://firebase.googleapis.com/v1beta1/projects [omitted]
[info] i  Using project projsept-e73a6 (ProjSept) 
[info] 
=== Firestore Setup
[debug] [2024-09-26T16:37:18.009Z] >>> [apiv2][query] GET https://serviceusage.googleapis.com/v1/projects/projsept-e73a6/services/firestore.googleapis.com [none]
[debug] [2024-09-26T16:37:18.010Z] >>> [apiv2][(partial)header] GET https://serviceusage.googleapis.com/v1/projects/projsept-e73a6/services/firestore.googleapis.com x-goog-quota-user=projects/projsept-e73a6
[debug] [2024-09-26T16:37:19.032Z] <<< [apiv2][status] GET https://serviceusage.googleapis.com/v1/projects/projsept-e73a6/services/firestore.googleapis.com 200
[debug] [2024-09-26T16:37:19.032Z] <<< [apiv2][body] GET https://serviceusage.googleapis.com/v1/projects/projsept-e73a6/services/firestore.googleapis.com [omitted]
[debug] [2024-09-26T16:37:19.033Z] >>> [apiv2][query] GET https://firestore.googleapis.com/v1/projects/projsept-e73a6/databases/(default) [none]
[debug] [2024-09-26T16:37:19.162Z] <<< [apiv2][status] GET https://firestore.googleapis.com/v1/projects/projsept-e73a6/databases/(default) 200
[debug] [2024-09-26T16:37:19.162Z] <<< [apiv2][body] GET https://firestore.googleapis.com/v1/projects/projsept-e73a6/databases/(default) {"name":"projects/projsept-e73a6/databases/(default)","uid":"e6ce93fe-bd06-4b19-9596-2b938308e760","createTime":"2024-09-19T12:21:00.822965Z","updateTime":"2024-09-19T12:21:00.822965Z","locationId":"europe-west2","type":"FIRESTORE_NATIVE","concurrencyMode":"PESSIMISTIC","versionRetentionPeriod":"3600s","earliestVersionTime":"2024-09-26T15:37:52.523034Z","appEngineIntegrationMode":"DISABLED","keyPrefix":"g","pointInTimeRecoveryEnablement":"POINT_IN_TIME_RECOVERY_DISABLED","deleteProtectionState":"DELETE_PROTECTION_DISABLED","etag":"IK7g/OCF4YgDMMCDrK7B24gD"}
[debug] [2024-09-26T16:37:19.163Z] database_type: FIRESTORE_NATIVE
[debug] [2024-09-26T16:37:19.163Z] database_type: FIRESTORE_NATIVE
[debug] [2024-09-26T16:37:19.163Z] > command requires scopes: ["email","openid","https://www.googleapis.com/auth/cloudplatformprojects.readonly","https://www.googleapis.com/auth/firebase","https://www.googleapis.com/auth/cloud-platform"]
[debug] [2024-09-26T16:37:19.163Z] > authorizing via signed-in user (tkumar.02.1985@gmail.com)
[debug] [2024-09-26T16:37:19.163Z] [iam] checking project projsept-e73a6 for permissions ["firebase.projects.get"]
[debug] [2024-09-26T16:37:19.164Z] >>> [apiv2][query] POST https://cloudresourcemanager.googleapis.com/v1/projects/projsept-e73a6:testIamPermissions [none]
[debug] [2024-09-26T16:37:19.164Z] >>> [apiv2][(partial)header] POST https://cloudresourcemanager.googleapis.com/v1/projects/projsept-e73a6:testIamPermissions x-goog-quota-user=projects/projsept-e73a6
[debug] [2024-09-26T16:37:19.164Z] >>> [apiv2][body] POST https://cloudresourcemanager.googleapis.com/v1/projects/projsept-e73a6:testIamPermissions {"permissions":["firebase.projects.get"]}
[debug] [2024-09-26T16:37:19.789Z] <<< [apiv2][status] POST https://cloudresourcemanager.googleapis.com/v1/projects/projsept-e73a6:testIamPermissions 200
[debug] [2024-09-26T16:37:19.789Z] <<< [apiv2][body] POST https://cloudresourcemanager.googleapis.com/v1/projects/projsept-e73a6:testIamPermissions {"permissions":["firebase.projects.get"]}
[info] 
[info] Firestore Security Rules allow you to define how and when to allow
[info] requests. You can keep these rules in your project directory
[info] and publish them with firebase deploy.
[info] 
[debug] [2024-09-26T16:37:26.728Z] >>> [apiv2][query] GET https://firebaserules.googleapis.com/v1/projects/projsept-e73a6/releases pageSize=10&pageToken=
[debug] [2024-09-26T16:37:27.611Z] <<< [apiv2][status] GET https://firebaserules.googleapis.com/v1/projects/projsept-e73a6/releases 200
[debug] [2024-09-26T16:37:27.611Z] <<< [apiv2][body] GET https://firebaserules.googleapis.com/v1/projects/projsept-e73a6/releases {"releases":[{"name":"projects/projsept-e73a6/releases/cloud.firestore","rulesetName":"projects/projsept-e73a6/rulesets/d0bf974d-c3af-4bd1-b9ff-c63316b6bb17","createTime":"2024-09-19T12:21:06.599246Z","updateTime":"2024-09-19T12:21:06.599246Z"}]}
[debug] [2024-09-26T16:37:27.612Z] Found ruleset: projects/projsept-e73a6/rulesets/d0bf974d-c3af-4bd1-b9ff-c63316b6bb17
[debug] [2024-09-26T16:37:27.612Z] >>> [apiv2][query] GET https://firebaserules.googleapis.com/v1/projects/projsept-e73a6/rulesets/d0bf974d-c3af-4bd1-b9ff-c63316b6bb17 [none]
[debug] [2024-09-26T16:37:28.269Z] <<< [apiv2][status] GET https://firebaserules.googleapis.com/v1/projects/projsept-e73a6/rulesets/d0bf974d-c3af-4bd1-b9ff-c63316b6bb17 200
[debug] [2024-09-26T16:37:28.269Z] <<< [apiv2][body] GET https://firebaserules.googleapis.com/v1/projects/projsept-e73a6/rulesets/d0bf974d-c3af-4bd1-b9ff-c63316b6bb17 [omitted]
[info] 
[info] Firestore indexes allow you to perform complex queries while
[info] maintaining performance that scales with the size of the result
[info] set. You can keep index definitions in your project directory
[info] and publish them with firebase deploy.
[info] 
[debug] [2024-09-26T16:37:32.109Z] >>> [apiv2][query] GET https://firestore.googleapis.com/v1/projects/projsept-e73a6/databases/(default)/collectionGroups/-/indexes [none]
[debug] [2024-09-26T16:37:32.111Z] >>> [apiv2][query] GET https://firestore.googleapis.com/v1/projects/projsept-e73a6/databases/(default)/collectionGroups/-/fields?filter=indexConfig.usesAncestorConfig=false OR ttlConfig:* [none]
[debug] [2024-09-26T16:37:32.229Z] <<< [apiv2][status] GET https://firestore.googleapis.com/v1/projects/projsept-e73a6/databases/(default)/collectionGroups/-/fields?filter=indexConfig.usesAncestorConfig=false OR ttlConfig:* 200
[debug] [2024-09-26T16:37:32.229Z] <<< [apiv2][body] GET https://firestore.googleapis.com/v1/projects/projsept-e73a6/databases/(default)/collectionGroups/-/fields?filter=indexConfig.usesAncestorConfig=false OR ttlConfig:* {"fields":[{"name":"projects/projsept-e73a6/databases/(default)/collectionGroups/__default__/fields/*","indexConfig":{"indexes":[{"queryScope":"COLLECTION","fields":[{"fieldPath":"*","order":"ASCENDING"}],"state":"READY"},{"queryScope":"COLLECTION","fields":[{"fieldPath":"*","order":"DESCENDING"}],"state":"READY"},{"queryScope":"COLLECTION","fields":[{"fieldPath":"*","arrayConfig":"CONTAINS"}],"state":"READY"}]}}]}
[debug] [2024-09-26T16:37:32.230Z] <<< [apiv2][status] GET https://firestore.googleapis.com/v1/projects/projsept-e73a6/databases/(default)/collectionGroups/-/indexes 200
[debug] [2024-09-26T16:37:32.230Z] <<< [apiv2][body] GET https://firestore.googleapis.com/v1/projects/projsept-e73a6/databases/(default)/collectionGroups/-/indexes {}
[info] 
=== Hosting Setup
[debug] [2024-09-26T16:37:32.234Z] >>> [apiv2][query] GET https://firebase.googleapis.com/v1beta1/projects/projsept-e73a6 [none]
[debug] [2024-09-26T16:37:32.487Z] <<< [apiv2][status] GET https://firebase.googleapis.com/v1beta1/projects/projsept-e73a6 200
[debug] [2024-09-26T16:37:32.487Z] <<< [apiv2][body] GET https://firebase.googleapis.com/v1beta1/projects/projsept-e73a6 {"projectId":"projsept-e73a6","projectNumber":"109081553472","displayName":"ProjSept","name":"projects/projsept-e73a6","resources":{"hostingSite":"projsept-e73a6"},"state":"ACTIVE","etag":"1_ea716190-bd87-45a9-b797-e1ec53b247cb"}
[info] 
[info] Your public directory is the folder (relative to your project directory) that
[info] will contain Hosting assets to be uploaded with firebase deploy. If you
[info] have a build process for your assets, use your build's output directory.
[info] 
